Open /home/ec2-user/experiment/milvus_demo.db failed, the file has been opened by another program
2025-07-07 04:38:57,750 [ERROR][_create_connection]: Failed to create new connection using: 8aadd7c0e4b44511929d93a60c96cc5c (milvus_client.py:916)
Traceback (most recent call last):
  File "/home/ec2-user/experiment/aheedb128.py", line 106, in <module>
    ahe_repeated_add()
  File "/home/ec2-user/experiment/aheedb128.py", line 32, in ahe_repeated_add
    client = MilvusClient("milvus_demo.db")
  File "/usr/local/lib/python3.9/site-packages/pymilvus/milvus_client/milvus_client.py", line 64, in __init__
    self._using = self._create_connection(
  File "/usr/local/lib/python3.9/site-packages/pymilvus/milvus_client/milvus_client.py", line 917, in _create_connection
    raise ex from ex
  File "/usr/local/lib/python3.9/site-packages/pymilvus/milvus_client/milvus_client.py", line 914, in _create_connection
    connections.connect(using, user, password, db_name, token, uri=uri, **kwargs)
  File "/usr/local/lib/python3.9/site-packages/pymilvus/orm/connections.py", line 394, in connect
    raise ConnectionConfigException(message="Open local milvus failed")
pymilvus.exceptions.ConnectionConfigException: <ConnectionConfigException: (code=1, message=Open local milvus failed)>
E20250707 04:38:57.767987 18257 server.cpp:47] [SERVER][BlockLock][milvus] Process exit
Start milvus-lite failed
2025-07-07 04:38:57,770 [ERROR][_create_connection]: Failed to create new connection using: 856eb4ee537548f0a12d4b704ec46a2b (milvus_client.py:916)
Traceback (most recent call last):
  File "/home/ec2-user/experiment/aheedb256.py", line 106, in <module>
    ahe_repeated_add()
  File "/home/ec2-user/experiment/aheedb256.py", line 32, in ahe_repeated_add
    client = MilvusClient("milvus_demo.db")
  File "/usr/local/lib/python3.9/site-packages/pymilvus/milvus_client/milvus_client.py", line 64, in __init__
    self._using = self._create_connection(
  File "/usr/local/lib/python3.9/site-packages/pymilvus/milvus_client/milvus_client.py", line 917, in _create_connection
    raise ex from ex
  File "/usr/local/lib/python3.9/site-packages/pymilvus/milvus_client/milvus_client.py", line 914, in _create_connection
    connections.connect(using, user, password, db_name, token, uri=uri, **kwargs)
  File "/usr/local/lib/python3.9/site-packages/pymilvus/orm/connections.py", line 394, in connect
    raise ConnectionConfigException(message="Open local milvus failed")
pymilvus.exceptions.ConnectionConfigException: <ConnectionConfigException: (code=1, message=Open local milvus failed)>
E20250707 05:24:49.237223 18886 server.cpp:47] [SERVER][BlockLock][milvus] Process exit
E20250707 05:38:33.898780 20226 server.cpp:47] [SERVER][BlockLock][milvus] Process exit
E20250707 08:45:08.998332 20679 server.cpp:47] [SERVER][BlockLock][milvus] Process exit
E20250707 10:18:54.856439 26552 server.cpp:47] [SERVER][BlockLock][milvus] Process exit
E20250707 11:05:36.293871 29597 server.cpp:47] [SERVER][BlockLock][milvus] Process exit
E20250707 11:28:53.848590 31173 server.cpp:47] [SERVER][BlockLock][milvus] Process exit
E20250707 11:28:56.146291 31936 server.cpp:47] [SERVER][BlockLock][milvus] Process exit
E20250707 11:28:57.862396 31957 server.cpp:47] [SERVER][BlockLock][milvus] Process exit
E20250707 11:28:59.222831 31978 server.cpp:47] [SERVER][BlockLock][milvus] Process exit
E20250707 11:29:00.468204 32000 server.cpp:47] [SERVER][BlockLock][milvus] Process exit
